Error: Failed to open Wayland display, fallback to X11. WAYLAND_DISPLAY='wayland-0' DISPLAY=':0'
defaults/preferences/firefox.js:1386: prefs parse error: unknown keyword
libva info: VA-API version 1.22.0
libva info: Trying to open /usr/lib/x86_64-linux-gnu/dri/iHD_drv_video.so
libva info: Found init function __vaDriverInit_1_22
libva info: va_openDriver() returns 0
Error: Failed to open Wayland display, fallback to X11. WAYLAND_DISPLAY='wayland-0' DISPLAY=':0'
defaults/preferences/firefox.js:1386: prefs parse error: unknown keyword
Error: Failed to open Wayland display, fallback to X11. WAYLAND_DISPLAY='wayland-0' DISPLAY=':0'
defaults/preferences/firefox.js:1386: prefs parse error: unknown keyword
Error: Failed to open Wayland display, fallback to X11. WAYLAND_DISPLAY='wayland-0' DISPLAY=':0'
libva info: VA-API version 1.22.0
libva info: Trying to open /usr/lib/x86_64-linux-gnu/dri/iHD_drv_video.so
libva info: Found init function __vaDriverInit_1_22
libva info: va_openDriver() returns 0
[Parent 47250, Main Thread] WARNING: Create input context failed: Connection is closed..: 'glib warning', file /home/ubuntu/actions-runner/_work/desktop/desktop/engine/toolkit/xre/nsSigHandlers.cpp:201

(zen:47250): IBUS-WARNING **: 00:19:10.203: Create input context failed: Connection is closed..
[Parent 47250, Main Thread] WARNING: Create input context failed: Connection is closed..: 'glib warning', file /home/ubuntu/actions-runner/_work/desktop/desktop/engine/toolkit/xre/nsSigHandlers.cpp:201

(zen:47250): IBUS-WARNING **: 00:19:10.203: Create input context failed: Connection is closed..
Crash Annotation GraphicsCriticalError: |[0][GFX1-]: Detect DeviceReset DeviceResetReason::FORCED_RESET DeviceResetDetectPlace::WR_SIMULATE in GPU process (t=8782.24) [GFX1-]: Detect DeviceReset DeviceResetReason::FORCED_RESET DeviceResetDetectPlace::WR_SIMULATE in GPU process
